C:\LABS\PROJECT2\PROJECT1\RELEASE\APP.OBJ
C:\LABS\PROJECT2\PROJECT1\RELEASE\GLSLSHADER.OBJ
C:\LABS\PROJECT2\PROJECT1\RELEASE\PROJECT2.EXE.INTERMEDIATE.MANIFEST
C:\LABS\PROJECT2\PROJECT1\RELEASE\VC100.PDB
C:\LABS\PROJECT2\RELEASE\PROJECT2.EXE
C:\LABS\PROJECT2\RELEASE\PROJECT2.PDB
D:\Лабараторные работы OPENGL\COMPLETE LABS\PROJECT_SAMPLE\PROJECT1\RELEASE\APP.OBJ
D:\Лабараторные работы OPENGL\COMPLETE LABS\PROJECT_SAMPLE\PROJECT1\RELEASE\PROJECT_SAMPLE.EXE.INTERMEDIATE.MANIFEST
D:\ЛАБАРАТОРНЫЕ РАБОТЫ OPENGL\COMPLETE LABS\PROJECT_SAMPLE\PROJECT1\RELEASE\VC100.PDB
D:\Лабараторные работы OPENGL\COMPLETE LABS\PROJECT_SAMPLE\RELEASE\PROJECT_SAMPLE.EXE
D:\ЛАБАРАТОРНЫЕ РАБОТЫ OPENGL\COMPLETE LABS\PROJECT_SAMPLE\RELEASE\PROJECT_SAMPLE.PDB
D:\Лабараторные работы OPENGL\COMPLETE LABS\PROJECT3\PROJECT1\RELEASE\APP.OBJ
D:\Лабараторные работы OpenGL\Complete labs\project3\project1\Release\CL.12804.read.1.tlog
D:\Лабараторные работы OpenGL\Complete labs\project3\project1\Release\CL.12804.write.1.tlog
D:\Лабараторные работы OpenGL\Complete labs\project3\project1\Release\CL.13156.read.1.tlog
D:\Лабараторные работы OpenGL\Complete labs\project3\project1\Release\CL.13156.write.1.tlog
D:\Лабараторные работы OpenGL\Complete labs\project3\project1\Release\CL.13204.read.1.tlog
D:\Лабараторные работы OpenGL\Complete labs\project3\project1\Release\CL.13204.write.1.tlog
D:\Лабараторные работы OpenGL\Complete labs\project3\project1\Release\CL.13412.read.1.tlog
D:\Лабараторные работы OpenGL\Complete labs\project3\project1\Release\CL.13412.write.1.tlog
D:\Лабараторные работы OpenGL\Complete labs\project3\project1\Release\CL.13784.read.1.tlog
D:\Лабараторные работы OpenGL\Complete labs\project3\project1\Release\CL.13784.write.1.tlog
D:\Лабараторные работы OpenGL\Complete labs\project3\project1\Release\CL.13852.read.1.tlog
D:\Лабараторные работы OpenGL\Complete labs\project3\project1\Release\CL.13852.write.1.tlog
D:\Лабараторные работы OpenGL\Complete labs\project3\project1\Release\CL.13956.read.1.tlog
D:\Лабараторные работы OpenGL\Complete labs\project3\project1\Release\CL.13956.write.1.tlog
D:\Лабараторные работы OpenGL\Complete labs\project3\project1\Release\CL.13964.read.1.tlog
D:\Лабараторные работы OpenGL\Complete labs\project3\project1\Release\CL.13964.write.1.tlog
D:\Лабараторные работы OpenGL\Complete labs\project3\project1\Release\CL.14256.read.1.tlog
D:\Лабараторные работы OpenGL\Complete labs\project3\project1\Release\CL.14256.write.1.tlog
D:\Лабараторные работы OpenGL\Complete labs\project3\project1\Release\CL.2720.read.1.tlog
D:\Лабараторные работы OpenGL\Complete labs\project3\project1\Release\CL.2720.write.1.tlog
D:\Лабараторные работы OpenGL\Complete labs\project3\project1\Release\CL.4176.read.1.tlog
D:\Лабараторные работы OpenGL\Complete labs\project3\project1\Release\CL.4176.write.1.tlog
D:\Лабараторные работы OpenGL\Complete labs\project3\project1\Release\CL.5048.read.1.tlog
D:\Лабараторные работы OpenGL\Complete labs\project3\project1\Release\CL.5048.write.1.tlog
D:\Лабараторные работы OpenGL\Complete labs\project3\project1\Release\CL.5564.read.1.tlog
D:\Лабараторные работы OpenGL\Complete labs\project3\project1\Release\CL.5564.write.1.tlog
D:\Лабараторные работы OpenGL\Complete labs\project3\project1\Release\CL.9288.read.1.tlog
D:\Лабараторные работы OpenGL\Complete labs\project3\project1\Release\CL.9288.write.1.tlog
D:\Лабараторные работы OpenGL\Complete labs\project3\project1\Release\cl.command.1.tlog
D:\Лабараторные работы OpenGL\Complete labs\project3\project1\Release\CL.read.1.tlog
D:\Лабараторные работы OpenGL\Complete labs\project3\project1\Release\CL.write.1.tlog
D:\Лабараторные работы OPENGL\COMPLETE LABS\PROJECT3\PROJECT1\RELEASE\GLSLSHADER.OBJ
D:\Лабараторные работы OpenGL\Complete labs\project3\project1\Release\link.command.1.tlog
D:\Лабараторные работы OpenGL\Complete labs\project3\project1\Release\link.read.1.tlog
D:\Лабараторные работы OpenGL\Complete labs\project3\project1\Release\link.write.1.tlog
D:\Лабараторные работы OpenGL\Complete labs\project3\project1\Release\mt.command.1.tlog
D:\Лабараторные работы OpenGL\Complete labs\project3\project1\Release\mt.read.1.tlog
D:\Лабараторные работы OpenGL\Complete labs\project3\project1\Release\mt.write.1.tlog
D:\Лабараторные работы OpenGL\Complete labs\project3\project1\Release\project_sample.exe.intermediate.manifest
D:\Лабараторные работы OpenGL\Complete labs\project3\project1\Release\project_sample.write.1.tlog
D:\Лабараторные работы OpenGL\Complete labs\project3\project1\Release\project1.vcxprojResolveAssemblyReference.cache
D:\Лабараторные работы OpenGL\Complete labs\project3\project1\Release\project2.exe.intermediate.manifest
D:\Лабараторные работы OpenGL\Complete labs\project3\project1\Release\project2.write.1.tlog
D:\Лабараторные работы OPENGL\COMPLETE LABS\PROJECT3\PROJECT1\RELEASE\PROJECT3.EXE.INTERMEDIATE.MANIFEST
D:\Лабараторные работы OpenGL\Complete labs\project3\project1\Release\project3.write.1.tlog
D:\ЛАБАРАТОРНЫЕ РАБОТЫ OPENGL\COMPLETE LABS\PROJECT3\PROJECT1\RELEASE\VC100.PDB
D:\Лабараторные работы OPENGL\COMPLETE LABS\PROJECT3\RELEASE\PROJECT3.EXE
D:\ЛАБАРАТОРНЫЕ РАБОТЫ OPENGL\COMPLETE LABS\PROJECT3\RELEASE\PROJECT3.PDB
