Build started 25.09.2016 11:41:19.
     1>Project "D:\Лабараторные работы OpenGL\Complete labs\project4_start_sample\project1\project1.vcxproj" on node 2 (build target(s)).
     1>InitializeBuildStatus:
         Creating "Release\project4_start_sample.unsuccessfulbuild" because "AlwaysCreate" was specified.
       ClCompile:
         C:\Program Files (x86)\Microsoft Visual Studio 10.0\VC\bin\CL.exe /c /I..\..\GL\include /Zi /nologo /W3 /WX- /MP /O2 /Oi /Oy- /GL /D _MBCS /Gm- /EHsc /MD /GS /Gy /fp:precise /Zc:wchar_t /Zc:forScope /Fo"Release\\" /Fd"Release\vc100.pdb" /Gd /TP /analyze- /errorReport:prompt ..\src\main.cpp
         main.cpp
     1>C:\Program Files (x86)\Microsoft SDKs\Windows\v7.0A\include\windef.h(126): warning C4005: 'APIENTRY' : macro redefinition
                 D:\Лабараторные работы OpenGL\Complete labs\GL\include\GLFW/glfw3.h(85) : see previous definition of 'APIENTRY'
       Link:
         C:\Program Files (x86)\Microsoft Visual Studio 10.0\VC\bin\link.exe /ERRORREPORT:PROMPT /OUT:"D:\Лабараторные работы OpenGL\Complete labs\project4_start_sample\Release\project4_start_sample.exe" /NOLOGO /LIBPATH:..\..\GL\lib glfw3dll.lib opengl32.lib glew32.lib kernel32.lib user32.lib gdi32.lib winspool.lib comdlg32.lib advapi32.lib shell32.lib ole32.lib oleaut32.lib uuid.lib odbc32.lib odbccp32.lib /MANIFEST /ManifestFile:"Release\project4_start_sample.exe.intermediate.manifest" /MANIFESTUAC:"level='asInvoker' uiAccess='false'" /DEBUG /PDB:"D:\Лабараторные работы OpenGL\Complete labs\project4_start_sample\Release\project4_start_sample.pdb" /OPT:REF /OPT:ICF /LTCG /TLBID:1 /DYNAMICBASE /NXCOMPAT /IMPLIB:"D:\Лабараторные работы OpenGL\Complete labs\project4_start_sample\Release\project4_start_sample.lib" /MACHINE:X86 Release\GlslShader.obj
         Release\main.obj
         Generating code
         Finished generating code
         project1.vcxproj -> D:\Лабараторные работы OpenGL\Complete labs\project4_start_sample\Release\project4_start_sample.exe
       Manifest:
         C:\Program Files (x86)\Microsoft SDKs\Windows\v7.0A\bin\mt.exe /nologo /verbose /outputresource:"D:\Лабараторные работы OpenGL\Complete labs\project4_start_sample\Release\project4_start_sample.exe;#1" /manifest Release\project4_start_sample.exe.intermediate.manifest
       PostBuildEvent:
         xcopy /e /i /y "D:\Лабараторные работы OpenGL\Complete labs\project4_start_sample\project1\..\..\GL\bin\*.dll" "D:\Лабараторные работы OpenGL\Complete labs\project4_start_sample\Release"
         :VCEnd
         D:\Лабараторные работы OpenGL\Complete labs\project4_start_sample\project1\..\..\GL\bin\glew32.dll
         D:\Лабараторные работы OpenGL\Complete labs\project4_start_sample\project1\..\..\GL\bin\glfw3.dll
         Скопировано файлов: 2.
       FinalizeBuildStatus:
         Deleting file "Release\project4_start_sample.unsuccessfulbuild".
         Touching "Release\project4_start_sample.lastbuildstate".
     1>Done Building Project "D:\Лабараторные работы OpenGL\Complete labs\project4_start_sample\project1\project1.vcxproj" (build target(s)).

Build succeeded.

Time Elapsed 00:00:01.08
