Build started 25.09.2016 11:39:45.
     1>Project "D:\Лабараторные работы OpenGL\Complete labs\project4_start_sample\project1\project1.vcxproj" on node 2 (build target(s)).
     1>InitializeBuildStatus:
         Touching "Debug\project4_start_sample.unsuccessfulbuild".
       ClCompile:
         C:\Program Files (x86)\Microsoft Visual Studio 10.0\VC\bin\CL.exe /c /I..\..\GL\include /ZI /nologo /W3 /WX- /Od /Oy- /D _MBCS /Gm /EHsc /RTC1 /MDd /GS /fp:precise /Zc:wchar_t /Zc:forScope /Fo"Debug\\" /Fd"Debug\vc100.pdb" /Gd /TP /analyze- /errorReport:prompt ..\..\GL\include\GlslShader.cpp ..\src\main.cpp
         main.cpp
     1>c:\program files (x86)\microsoft sdks\windows\v7.0a\include\windef.h(126): warning C4005: 'APIENTRY' : macro redefinition
                 d:\лабараторные работы opengl\complete labs\gl\include\glfw\glfw3.h(85) : see previous definition of 'APIENTRY'
         GlslShader.cpp
     1>c:\program files (x86)\microsoft sdks\windows\v7.0a\include\windef.h(126): warning C4005: 'APIENTRY' : macro redefinition
                 d:\лабараторные работы opengl\complete labs\gl\include\glfw\glfw3.h(85) : see previous definition of 'APIENTRY'
         Generating Code...
       Link:
         C:\Program Files (x86)\Microsoft Visual Studio 10.0\VC\bin\link.exe /ERRORREPORT:PROMPT /OUT:"D:\Лабараторные работы OpenGL\Complete labs\project4_start_sample\Debug\project4_start_sample.exe" /NOLOGO /LIBPATH:..\..\GL\lib glfw3dll.lib opengl32.lib kernel32.lib user32.lib gdi32.lib winspool.lib comdlg32.lib advapi32.lib shell32.lib ole32.lib oleaut32.lib uuid.lib odbc32.lib odbccp32.lib /MANIFEST /ManifestFile:"Debug\project4_start_sample.exe.intermediate.manifest" /MANIFESTUAC:"level='asInvoker' uiAccess='false'" /DEBUG /PDB:"D:\Лабараторные работы OpenGL\Complete labs\project4_start_sample\Debug\project4_start_sample.pdb" /TLBID:1 /DYNAMICBASE /NXCOMPAT /IMPLIB:"D:\Лабараторные работы OpenGL\Complete labs\project4_start_sample\Debug\project4_start_sample.lib" /MACHINE:X86 Debug\GlslShader.obj
         Debug\main.obj
     1>GlslShader.obj : error LNK2001: unresolved external symbol __imp____glewDeleteShader
     1>GlslShader.obj : error LNK2001: unresolved external symbol __imp____glewGetProgramInfoLog
     1>GlslShader.obj : error LNK2001: unresolved external symbol __imp____glewGetProgramiv
     1>GlslShader.obj : error LNK2001: unresolved external symbol __imp____glewLinkProgram
     1>GlslShader.obj : error LNK2001: unresolved external symbol __imp____glewAttachShader
     1>GlslShader.obj : error LNK2001: unresolved external symbol __imp____glewCreateProgram
     1>GlslShader.obj : error LNK2001: unresolved external symbol __imp____glewGetShaderInfoLog
     1>GlslShader.obj : error LNK2001: unresolved external symbol __imp____glewGetShaderiv
     1>GlslShader.obj : error LNK2001: unresolved external symbol __imp____glewCompileShader
     1>GlslShader.obj : error LNK2001: unresolved external symbol __imp____glewShaderSource
     1>GlslShader.obj : error LNK2001: unresolved external symbol __imp____glewCreateShader
     1>GlslShader.obj : error LNK2001: unresolved external symbol __imp____glewUseProgram
     1>GlslShader.obj : error LNK2001: unresolved external symbol __imp____glewUniformMatrix4fv
     1>GlslShader.obj : error LNK2001: unresolved external symbol __imp____glewGetUniformLocation
     1>D:\Лабараторные работы OpenGL\Complete labs\project4_start_sample\Debug\project4_start_sample.exe : fatal error LNK1120: 14 unresolved externals
     1>Done Building Project "D:\Лабараторные работы OpenGL\Complete labs\project4_start_sample\project1\project1.vcxproj" (build target(s)) -- FAILED.

Build FAILED.

Time Elapsed 00:00:01.69
